[Tnull]	Loading operations #0
[Tnull]	Ops ops_0.ks downloaded successfully
[Tnull]	Loading operations #1
[Tnull]	Unable to download ops - Not enough memory?
[Tnull]	Importing operations /ops/ops_0.ks
[T-00:00:08]	Loading operations #1
[T-00:00:07]	Ops ops_1.ks downloaded successfully
[Tnull]	Loading operations #0
[Tnull]	Ops ops_0.ks downloaded successfully
[Tnull]	Importing operations /ops/ops_0.ks
[Tnull]	Loading operations #1
[Tnull]	Ops ops_1.ks downloaded successfully
[Tnull]	Importing operations /ops/ops_1.ks
[Tnull]	Loading operations #0
[Tnull]	Ops ops_0.ks downloaded successfully
[Tnull]	Loading operations #1
[Tnull]	Unable to download ops - Not enough memory?
[Tnull]	Importing operations /ops/ops_0.ks
[T-00:00:08]	Loading operations #1
[T-00:00:07]	Ops ops_1.ks downloaded successfully
[T-00:00:04]	Loading operations #2
[T-00:00:01]	Ops ops_2.ks downloaded successfully
[Tnull]	Loading operations #0
[Tnull]	Ops ops_0.ks downloaded successfully
[Tnull]	Importing operations /ops/ops_0.ks
[Tnull]	Loading operations #1
[Tnull]	Ops ops_1.ks downloaded successfully
[Tnull]	Loading operations #2
[Tnull]	Ops ops_2.ks downloaded successfully
[Tnull]	Importing operations /ops/ops_1.ks
[Tnull]	Importing operations /ops/ops_2.ks
