[Tnull]	Initializing LKOC Orbital Period adjustment
[Tnull]	Initial parameters accepted
[Tnull]	Limiting RCS-Thrust
[Tnull]	Current period: 2700.0205 Target period: 2700
[Tnull]	Will descelerate
[Tnull]	Current period: 2699.3423 Target period: 2700
[Tnull]	Will Accelerate
[Tnull]	Current period: 2700.0036 Target period: 2700
[Tnull]	Will descelerate
[Tnull]	Current period: 2699.9733 Target period: 2700
[Tnull]	Will Accelerate
[Tnull]	Current period: 2700.0032 Target period: 2700
[Tnull]	Will descelerate
[Tnull]	Current period: 2699.9852 Target period: 2700
[Tnull]	Will Accelerate
[Tnull]	Current period: 2700.0071 Target period: 2700
[Tnull]	Will descelerate
[Tnull]	Current period: 2699.9802 Target period: 2700
[Tnull]	Will Accelerate
[Tnull]	Current period: 2700.0086 Target period: 2700
[Tnull]	Will descelerate
[Tnull]	Current period: 2699.5869 Target period: 2700
[Tnull]	Will Accelerate
[Tnull]	Current period: 2700.0002 Target period: 2700
[Tnull]	Unlimiting RCS-Thrust
[Tnull]	Periodisation operations completed.
[Tnull]	Initial parameters accepted
[Tnull]	Limiting RCS-Thrust
[Tnull]	Current period: 2700.0021 Target period: 2700
[Tnull]	Will descelerate
[Tnull]	Current period: 2699.5589 Target period: 2700
[Tnull]	Will Accelerate
[Tnull]	Current period: 2700.0006 Target period: 2700
[Tnull]	Unlimiting RCS-Thrust
[Tnull]	Periodisation operations completed.
[Tnull]	Initializing LKOC Orbital Period adjustment
[Tnull]	Initial parameters accepted
[Tnull]	Limiting RCS-Thrust
[Tnull]	Current period: 2700.0006 Target period: 2700
[Tnull]	Will descelerate
[Tnull]	Current period: 2699.6944 Target period: 2700
[Tnull]	Will Accelerate
[Tnull]	Current period: 2700.0082 Target period: 2700
[Tnull]	Will descelerate
[Tnull]	Current period: 2699.9799 Target period: 2700
[Tnull]	Will Accelerate
[Tnull]	Current period: 2700.0034 Target period: 2700
[Tnull]	Will descelerate
[Tnull]	Current period: 2699.9762 Target period: 2700
[Tnull]	Will Accelerate
[Tnull]	Current period: 2700.001 Target period: 2700
[Tnull]	Will descelerate
[Tnull]	Current period: 2699.9863 Target period: 2700
[Tnull]	Will Accelerate
[Tnull]	Current period: 2700.0001 Target period: 2700
[Tnull]	Unlimiting RCS-Thrust
[Tnull]	Periodisation operations completed.
