[02:22:16]	[Comms]	Communications established
[02:22:16]	[Comms]	Connection to KSC established
[02:22:17]	[OS]	NOTICE: Unable to load optional module 'saveStates'
[02:22:19]	[OS]	System has booted up successfully
[02:22:19]	[OS]	Entering operations main loop
[02:22:20]	[Log]	[operations.log]	[Tnull]	Loading operations #0
[02:22:20]	[Log]	[operations.log]	[Tnull]	Ops ops_0.ks downloaded successfully
[02:22:21]	[Log]	[operations.log]	[Tnull]	Loading operations #1
[02:22:22]	[Log]	[operations.log]	[Tnull]	Unable to download ops - Not enough memory?
[02:22:22]	[Log]	[operations.log]	[Tnull]	Importing operations /ops/ops_0.ks
[02:22:27]	[Log]	[Ascent.log]	[Tnull]	Initializing LKOC Ascent & Circulization operations
[02:22:27]	[Time]	T set to 02:22:37
[02:22:29]	[Log]	[Ascent.log]	[T-00:00:09]	Waiting for T
[02:22:30]	[Log]	[operations.log]	[T-00:00:08]	Loading operations #1
[02:22:31]	[Log]	[operations.log]	[T-00:00:07]	Ops ops_1.ks downloaded successfully
[02:22:32]	[Log]	[Ascent.log]	[T-00:00:06]	Waiting for T
[02:22:36]	[Log]	[Ascent.log]	[T-00:00:02]	Waiting for T
[02:22:37]	[Log]	[Ascent.log]	[T-00:00:01]	Waiting for T
[02:22:39]	[Log]	[Ascent.log]	[T+00:00:01]	Ignition
[02:23:10]	[Log]	[Ascent.log]	[T+00:00:32]	Flameout stage 1
[02:23:16]	[Log]	[Ascent.log]	[T+00:00:38]	Separation stage 1
[02:23:22]	[Log]	[Ascent.log]	[T+00:00:44]	Ignition stage 2
[02:24:23]	[Log]	[Ascent.log]	[T+00:01:45]	Flameout stage 2
[02:24:37]	[Log]	[Ascent.log]	[T+00:01:59]	Separation stage 2
[02:24:44]	[Log]	[Ascent.log]	[T+00:02:06]	Shed fairings and turn prograde
[02:25:06]	[Log]	[Ascent.log]	[T+00:02:28]	Ignition stage 3
[02:25:36]	[Log]	[Ascent.log]	[T+00:02:57]	Target apoapsis altitude reached
[02:25:42]	[Log]	[Ascent.log]	[T+00:03:03]	Coasting to cicularization
[02:32:33]	[Log]	[Ascent.log]	[T+00:09:56]	Throttle back stage 3
[02:32:37]	[Log]	[Ascent.log]	[T+00:09:59]	Separation stage 3
[02:32:37]	[Log]	[Ascent.log]	[T+00:09:59]	Continuing circulization with thrusters
[02:35:58]	[Comms]	Communications lost
[02:35:58]	[Comms]	Connection to KSC lost
[03:00:30]	[Comms]	Communications established
[03:00:30]	[Comms]	Connection to KSC established
[03:14:45]	[Comms]	Communications established
[03:14:45]	[Comms]	Connection to KSC established
[03:14:45]	[OS]	NOTICE: Unable to load optional module 'saveStates'
[03:14:47]	[OS]	System has booted up successfully
[03:14:48]	[OS]	Entering operations main loop
[03:14:49]	[Log]	[operations.log]	[Tnull]	Loading operations #0
[03:14:49]	[Log]	[operations.log]	[Tnull]	Ops ops_0.ks downloaded successfully
[03:14:50]	[Log]	[operations.log]	[Tnull]	Importing operations /ops/ops_0.ks
[03:14:51]	[Log]	[LKOC_Periodisation.log]	[Tnull]	Initializing LKOC Orbital Period adjustment
[03:14:52]	[Log]	[LKOC_Periodisation.log]	[Tnull]	Initial parameters accepted
[03:14:53]	[Log]	[LKOC_Periodisation.log]	[Tnull]	Current period: 2700 Target period: 2700
[03:14:54]	[Log]	[LKOC_Periodisation.log]	[Tnull]	Will Accelerate
[03:18:20]	[Log]	[LKOC_Periodisation.log]	[Tnull]	Current period: 2700 Target period: 2700
[03:18:21]	[Log]	[LKOC_Periodisation.log]	[Tnull]	Periodisation operations completed.
[03:20:42]	[Log]	[operations.log]	[Tnull]	Loading operations #1
[03:20:44]	[Log]	[operations.log]	[Tnull]	Ops ops_1.ks downloaded successfully
[03:20:45]	[Log]	[operations.log]	[Tnull]	Importing operations /ops/ops_1.ks
[03:20:47]	[Log]	[LKOC_Periodisation.log]	[Tnull]	Initializing LKOC Orbital Period adjustment
[03:20:48]	[Log]	[LKOC_Periodisation.log]	[Tnull]	Initial parameters accepted
[03:20:49]	[Log]	[LKOC_Periodisation.log]	[Tnull]	Current period: 2700 Target period: 2700
[03:20:49]	[Log]	[LKOC_Periodisation.log]	[Tnull]	Will descelerate
[03:21:06]	[Log]	[LKOC_Periodisation.log]	[Tnull]	Current period: 2700 Target period: 2700
[03:21:06]	[Log]	[LKOC_Periodisation.log]	[Tnull]	Will Accelerate
[03:21:21]	[Log]	[LKOC_Periodisation.log]	[Tnull]	Current period: 2700 Target period: 2700
[03:21:21]	[Log]	[LKOC_Periodisation.log]	[Tnull]	Periodisation operations completed.
[04:01:41]	[Comms]	Communications established
[04:01:41]	[Comms]	Connection to KSC established
[04:01:41]	[OS]	NOTICE: Unable to load optional module 'saveStates'
[04:01:43]	[OS]	System has booted up successfully
[04:01:44]	[OS]	Entering operations main loop
[04:01:44]	[Log]	[operations.log]	[Tnull]	Loading operations #0
[04:01:45]	[Log]	[operations.log]	[Tnull]	Ops ops_0.ks downloaded successfully
[04:01:46]	[Log]	[operations.log]	[Tnull]	Loading operations #1
[04:01:46]	[Log]	[operations.log]	[Tnull]	Unable to download ops - Not enough memory?
[04:01:47]	[Log]	[operations.log]	[Tnull]	Importing operations /ops/ops_0.ks
[04:01:50]	[Log]	[Ascent.log]	[Tnull]	Initializing LKOC Ascent & Circulization operations
[04:01:52]	[Time]	T set to 04:02:02
[04:01:53]	[Log]	[Ascent.log]	[T-00:00:-10]	Waiting for T
[04:01:55]	[Log]	[operations.log]	[T-00:00:08]	Loading operations #1
[04:01:56]	[Log]	[operations.log]	[T-00:00:07]	Ops ops_1.ks downloaded successfully
[04:01:57]	[Log]	[Ascent.log]	[T-00:00:05]	Waiting for T
[04:01:59]	[Log]	[operations.log]	[T-00:00:04]	Loading operations #2
[04:02:02]	[Log]	[operations.log]	[T-00:00:01]	Ops ops_2.ks downloaded successfully
[04:02:03]	[Log]	[Ascent.log]	[T+00:00:00]	Ignition
[04:02:11]	[Log]	[Ascent.log]	[T+00:00:08]	Flameout stage 1
[04:02:16]	[Log]	[Ascent.log]	[T+00:00:13]	Separation stage 1
[04:02:18]	[Log]	[Ascent.log]	[T+00:00:16]	Ignition stage 2
[04:02:53]	[Comms]	Communications established
[04:02:53]	[Comms]	Connection to KSC established
[04:02:53]	[OS]	NOTICE: Unable to load optional module 'saveStates'
[04:02:56]	[OS]	System has booted up successfully
[04:02:56]	[OS]	Entering operations main loop
[04:03:16]	[Log]	[operations.log]	[Tnull]	Loading operations #0
[04:03:16]	[Log]	[operations.log]	[Tnull]	Ops ops_0.ks downloaded successfully
[04:03:17]	[Log]	[operations.log]	[Tnull]	Importing operations /ops/ops_0.ks
[04:03:18]	[Log]	[Periodisation.log]	[Tnull]	Initializing LKOC Orbital Period adjustment
[04:03:19]	[Log]	[Periodisation.log]	[Tnull]	Initial parameters accepted
[04:03:20]	[Log]	[Periodisation.log]	[Tnull]	Limiting RCS-Thrust
[04:03:22]	[Log]	[Periodisation.log]	[Tnull]	Current period: 2700.0205 Target period: 2700
[04:03:22]	[Log]	[Periodisation.log]	[Tnull]	Will descelerate
[04:03:23]	[Log]	[Periodisation.log]	[Tnull]	Current period: 2699.3423 Target period: 2700
[04:03:23]	[Log]	[Periodisation.log]	[Tnull]	Will Accelerate
[04:04:43]	[Log]	[Periodisation.log]	[Tnull]	Current period: 2700.0036 Target period: 2700
[04:04:43]	[Log]	[Periodisation.log]	[Tnull]	Will descelerate
[04:04:44]	[Log]	[Periodisation.log]	[Tnull]	Current period: 2699.9733 Target period: 2700
[04:04:44]	[Log]	[Periodisation.log]	[Tnull]	Will Accelerate
[04:04:46]	[Log]	[Periodisation.log]	[Tnull]	Current period: 2700.0032 Target period: 2700
[04:04:46]	[Log]	[Periodisation.log]	[Tnull]	Will descelerate
[04:04:47]	[Log]	[Periodisation.log]	[Tnull]	Current period: 2699.9852 Target period: 2700
[04:04:47]	[Log]	[Periodisation.log]	[Tnull]	Will Accelerate
[04:05:01]	[Log]	[Periodisation.log]	[Tnull]	Current period: 2700.0071 Target period: 2700
[04:05:02]	[Log]	[Periodisation.log]	[Tnull]	Will descelerate
[04:05:02]	[Log]	[Periodisation.log]	[Tnull]	Current period: 2699.9802 Target period: 2700
[04:05:03]	[Log]	[Periodisation.log]	[Tnull]	Will Accelerate
[04:05:06]	[Log]	[Periodisation.log]	[Tnull]	Current period: 2700.0086 Target period: 2700
[04:05:06]	[Log]	[Periodisation.log]	[Tnull]	Will descelerate
[04:05:07]	[Log]	[Periodisation.log]	[Tnull]	Current period: 2699.5869 Target period: 2700
[04:05:08]	[Log]	[Periodisation.log]	[Tnull]	Will Accelerate
[04:06:13]	[Log]	[Periodisation.log]	[Tnull]	Current period: 2700.0002 Target period: 2700
[04:06:15]	[Log]	[Periodisation.log]	[Tnull]	Unlimiting RCS-Thrust
[04:06:17]	[Log]	[Periodisation.log]	[Tnull]	Periodisation operations completed.
[04:06:57]	[Log]	[operations.log]	[Tnull]	Loading operations #1
[04:06:58]	[Log]	[operations.log]	[Tnull]	Ops ops_1.ks downloaded successfully
[04:07:02]	[Log]	[operations.log]	[Tnull]	Loading operations #2
[04:07:04]	[Log]	[operations.log]	[Tnull]	Ops ops_2.ks downloaded successfully
[04:07:06]	[Log]	[operations.log]	[Tnull]	Importing operations /ops/ops_1.ks
[04:07:08]	[Log]	[LKOC_Periodisation.log]	[Tnull]	Initializing LKOC Orbital Period adjustment
[04:07:10]	[Log]	[Periodisation.log]	[Tnull]	Initial parameters accepted
[04:07:11]	[Log]	[Periodisation.log]	[Tnull]	Limiting RCS-Thrust
[04:07:14]	[Log]	[Periodisation.log]	[Tnull]	Current period: 2700.0021 Target period: 2700
[04:07:14]	[Log]	[Periodisation.log]	[Tnull]	Will descelerate
[04:07:17]	[Log]	[Periodisation.log]	[Tnull]	Current period: 2699.5589 Target period: 2700
[04:07:17]	[Log]	[Periodisation.log]	[Tnull]	Will Accelerate
[04:08:38]	[Log]	[Periodisation.log]	[Tnull]	Current period: 2700.0006 Target period: 2700
[04:08:39]	[Log]	[Periodisation.log]	[Tnull]	Unlimiting RCS-Thrust
[04:08:41]	[Log]	[Periodisation.log]	[Tnull]	Periodisation operations completed.
[04:08:44]	[Log]	[operations.log]	[Tnull]	Importing operations /ops/ops_2.ks
[04:08:47]	[Log]	[Periodisation.log]	[Tnull]	Initializing LKOC Orbital Period adjustment
[04:08:49]	[Log]	[Periodisation.log]	[Tnull]	Initial parameters accepted
[04:08:50]	[Log]	[Periodisation.log]	[Tnull]	Limiting RCS-Thrust
[04:08:52]	[Log]	[Periodisation.log]	[Tnull]	Current period: 2700.0006 Target period: 2700
[04:08:52]	[Log]	[Periodisation.log]	[Tnull]	Will descelerate
[04:08:53]	[Log]	[Periodisation.log]	[Tnull]	Current period: 2699.6944 Target period: 2700
[04:08:54]	[Log]	[Periodisation.log]	[Tnull]	Will Accelerate
[04:09:45]	[Log]	[Periodisation.log]	[Tnull]	Current period: 2700.0082 Target period: 2700
[04:09:45]	[Log]	[Periodisation.log]	[Tnull]	Will descelerate
[04:09:47]	[Log]	[Periodisation.log]	[Tnull]	Current period: 2699.9799 Target period: 2700
[04:09:47]	[Log]	[Periodisation.log]	[Tnull]	Will Accelerate
[04:09:54]	[Log]	[Periodisation.log]	[Tnull]	Current period: 2700.0034 Target period: 2700
[04:09:55]	[Log]	[Periodisation.log]	[Tnull]	Will descelerate
[04:09:55]	[Log]	[Periodisation.log]	[Tnull]	Current period: 2699.9762 Target period: 2700
[04:09:56]	[Log]	[Periodisation.log]	[Tnull]	Will Accelerate
[04:10:01]	[Log]	[Periodisation.log]	[Tnull]	Current period: 2700.001 Target period: 2700
[04:10:01]	[Log]	[Periodisation.log]	[Tnull]	Will descelerate
[04:10:02]	[Log]	[Periodisation.log]	[Tnull]	Current period: 2699.9863 Target period: 2700
[04:10:02]	[Log]	[Periodisation.log]	[Tnull]	Will Accelerate
[04:10:05]	[Log]	[Periodisation.log]	[Tnull]	Current period: 2700.0001 Target period: 2700
[04:10:06]	[Log]	[Periodisation.log]	[Tnull]	Unlimiting RCS-Thrust
[04:10:09]	[Log]	[Periodisation.log]	[Tnull]	Periodisation operations completed.
